<?xml version="1.0" encoding="UTF-8"?>
<!-- Generated by org.testng.reporters.JUnitXMLReporter -->
<testsuite hostname="NARENDRA" ignored="1" name="Test" tests="1" failures="1" timestamp="16 Dec 2020 06:42:45 GMT" time="16.39" errors="0">
  <testcase name="verifyLoginErrorMessage" time="0.016" classname="testPages.FlipLoginTest">
    <failure type="java.lang.NullPointerException">
      <![CDATA[java.lang.NullPointerException
at pageObjects.FlipLoginPage.getPopup(FlipLoginPage.java:36)
at testPages.FlipLoginTest.verifyLoginErrorMessage(FlipLoginTest.java:140)
... Removed 25 stack frames]]>
    </failure>
  </testcase> <!-- verifyLoginErrorMessage -->
  <testcase name="validateLogin" time="0.0" classname="testPages.FlipLoginTest">
    <ignored/>
  </testcase> <!-- validateLogin -->
</testsuite> <!-- Test -->
